<?xml version="1.0" encoding="UTF-8"?>
<testng-results ignored="0" total="1" passed="1" failed="0" skipped="0">
  <reporter-output>
  </reporter-output>
  <suite started-at="2025-11-20T16:17:34 IST" name="Default suite" finished-at="2025-11-20T16:17:53 IST" duration-ms="19849">
    <groups>
    </groups>
    <test started-at="2025-11-20T16:17:34 IST" name="Default test" finished-at="2025-11-20T16:17:53 IST" duration-ms="19849">
      <class name="appiumTests.Basic1">
        <test-method signature="sampleTest()[pri:0, instance:appiumTests.Basic1@1725dc0f]" started-at="2025-11-20T16:17:34 IST" name="sampleTest" finished-at="2025-11-20T16:17:53 IST" duration-ms="19711" status="PASS">
          <reporter-output>
          </reporter-output>
        </test-method> <!-- sampleTest -->
      </class> <!-- appiumTests.Basic1 -->
    </test> <!-- Default test -->
  </suite> <!-- Default suite -->
</testng-results>
