<?xml version="1.0" encoding="UTF-8"?>
<!-- Generated by org.testng.reporters.JUnitReportReporter -->
<testsuite hostname="DESKTOP-AV62DVG" failures="0" tests="1" name="appiumTests.WifiSetupTest" time="19.242" errors="0" timestamp="2025-11-21T14:04:50 IST" skipped="0">
  <testcase classname="appiumTests.WifiSetupTest" name="sampleTest" time="19.242">
    <system-out>
      <![CDATA[Wifi Setup Completed Successfully]]>
    </system-out>
  </testcase> <!-- sampleTest -->
  <system-out>
    <![CDATA[Wifi Setup Completed Successfully]]>
  </system-out>
</testsuite> <!-- appiumTests.WifiSetupTest -->
