<?xml version="1.0" encoding="UTF-8"?>
<!-- Generated by org.testng.reporters.JUnitReportReporter -->
<testsuite hostname="DESKTOP-AV62DVG" failures="0" tests="1" name="appiumTests.LongPress" time="18.557" errors="0" timestamp="2025-11-21T16:46:40 IST" skipped="0">
  <testcase classname="appiumTests.LongPress" name="LongPressGesture" time="18.557">
    <system-out>
      <![CDATA[Long press gesture working successfully]]>
    </system-out>
  </testcase> <!-- LongPressGesture -->
  <system-out>
    <![CDATA[Long press gesture working successfully]]>
  </system-out>
</testsuite> <!-- appiumTests.LongPress -->
